<?xml version="1.0" encoding="UTF-8"?>
<!-- Generated by org.testng.reporters.JUnitReportReporter -->
<testsuite hostname="INLEN8520053156" failures="0" tests="1" name="Pet.UpdatePet" time="2.988" errors="0" timestamp="2022-06-09T10:51:36 IST" skipped="0">
  <testcase classname="Pet.UpdatePet" name="OrderPlaced" time="2.988"/>
  <system-out/>
</testsuite> <!-- Pet.UpdatePet -->
