<?xml version="1.0" encoding="UTF-8"?>
<!-- Generated by org.testng.reporters.JUnitReportReporter -->
<testsuite hostname="INLEN8520053156" failures="0" tests="1" name="Store.PlaceOrder" time="2.725" errors="0" timestamp="2022-06-09T11:43:03 IST" skipped="0">
  <testcase classname="Store.PlaceOrder" name="OrderPlaced" time="2.725"/>
  <system-out/>
</testsuite> <!-- Store.PlaceOrder -->
