<?xml version="1.0" encoding="UTF-8"?>
<!-- Generated by org.testng.reporters.JUnitReportReporter -->
<testsuite hostname="INLEN8520053156" failures="0" tests="1" name="Pet.UploadImage" time="2.818" errors="0" timestamp="2022-06-09T12:12:50 IST" skipped="0">
  <testcase classname="Pet.UploadImage" name="UploadImage" time="2.818"/>
  <system-out/>
</testsuite> <!-- Pet.UploadImage -->
