<?xml version="1.0" encoding="UTF-8"?>
<!-- Generated by org.testng.reporters.JUnitReportReporter -->
<testsuite hostname="INLEN8520053156" failures="0" tests="1" name="Store.ReturnPetInv" time="2.353" errors="0" timestamp="2022-06-09T10:42:46 IST" skipped="0">
  <testcase classname="Store.ReturnPetInv" name="ReturnInventories" time="2.353"/>
  <system-out/>
</testsuite> <!-- Store.ReturnPetInv -->
