<?xml version="1.0" encoding="UTF-8"?>
<!-- Generated by org.testng.reporters.JUnitReportReporter -->
<testsuite hostname="INLEN8520053156" failures="0" tests="1" name="Store.DeleteOrder" time="2.576" errors="0" timestamp="2022-06-09T10:38:16 IST" skipped="0">
  <testcase classname="Store.DeleteOrder" name="OrderDelete" time="2.576"/>
  <system-out/>
</testsuite> <!-- Store.DeleteOrder -->
