<?xml version="1.0" encoding="UTF-8"?>
<!-- Generated by org.testng.reporters.JUnitReportReporter -->
<testsuite hostname="INLEN8520053156" failures="0" tests="1" name="Pet.AddNewPet" time="3.049" errors="0" timestamp="2022-06-09T12:23:49 IST" skipped="0">
  <testcase classname="Pet.AddNewPet" name="AddPet" time="3.049"/>
  <system-out/>
</testsuite> <!-- Pet.AddNewPet -->
