<?xml version="1.0" encoding="UTF-8"?>
<!-- Generated by org.testng.reporters.JUnitReportReporter -->
<testsuite hostname="INLEN8520051734" failures="0" tests="7" name="JpetStore.JpetStoreBusinessFlowTest" time="32.289" errors="0" timestamp="2022-06-09T21:04:54 IST" skipped="0">
  <testcase classname="JpetStore.JpetStoreBusinessFlowTest" name="testAccountCreatedSuccessfully" time="1.202"/>
  <system-out/>
  <testcase classname="JpetStore.JpetStoreBusinessFlowTest" name="testHomePageAppearCorrect" time="3.152"/>
  <system-out/>
  <testcase classname="JpetStore.JpetStoreBusinessFlowTest" name="Search_Pet_Page" time="5.215"/>
  <system-out/>
  <testcase classname="JpetStore.JpetStoreBusinessFlowTest" name="Cart" time="9.971"/>
  <system-out/>
  <testcase classname="JpetStore.JpetStoreBusinessFlowTest" name="addPetToCart" time="4.448"/>
  <system-out/>
  <testcase classname="JpetStore.JpetStoreBusinessFlowTest" name="testOrderPlacedSuccessfully" time="3.878"/>
  <system-out/>
  <testcase classname="JpetStore.JpetStoreBusinessFlowTest" name="Delete" time="4.423"/>
  <system-out/>
</testsuite> <!-- JpetStore.JpetStoreBusinessFlowTest -->
